TN:
SF:src/commands/init.ts
FN:34,runInit
FN:96,(anonymous_1)
FNF:2
FNH:1
FNDA:9,runInit
FNDA:0,(anonymous_1)
DA:35,9
DA:36,9
DA:40,9
DA:41,9
DA:42,1
DA:47,8
DA:48,8
DA:50,8
DA:52,8
DA:59,8
DA:60,1
DA:63,8
DA:64,33
DA:65,33
DA:66,33
DA:69,8
DA:70,8
DA:72,8
DA:79,2
DA:97,0
DA:98,0
DA:102,0
DA:103,0
DA:104,0
DA:105,0
DA:107,0
DA:110,0
DA:111,0
LF:28
LH:19
BRDA:34,0,0,9
BRDA:35,1,0,9
BRDA:35,1,1,0
BRDA:36,2,0,1
BRDA:36,2,1,8
BRDA:41,3,0,1
BRDA:41,3,1,8
BRDA:59,4,0,1
BRDA:59,4,1,7
BRDA:75,5,0,8
BRDA:75,5,1,7
BRDA:104,6,0,0
BRDA:104,6,1,0
BRF:13
BRH:10
end_of_record
TN:
SF:src/commands/init/templates.ts
FNF:0
FNH:0
DA:3,2
DA:5,2
DA:12,2
DA:17,2
DA:27,2
LF:5
LH:5
BRF:0
BRH:0
end_of_record
TN:
SF:src/config/defaults.ts
FNF:0
FNH:0
DA:3,2
LF:1
LH:1
BRF:0
BRH:0
end_of_record
TN:
SF:src/config/load.ts
FN:14,(anonymous_0)
FN:40,findConfigFile
FN:57,loadConfig
FNF:3
FNH:3
FNDA:1,(anonymous_0)
FNDA:8,findConfigFile
FNDA:5,loadConfig
DA:11,2
DA:15,1
DA:18,1
DA:28,2
DA:41,8
DA:42,8
DA:43,22
DA:44,22
DA:45,6
DA:46,16
DA:47,16
DA:48,2
DA:49,14
DA:58,5
DA:59,5
DA:60,1
DA:62,4
DA:63,4
DA:65,4
DA:66,4
DA:67,10
DA:68,1
DA:73,4
DA:74,4
DA:76,4
LF:25
LH:25
BRDA:44,0,0,6
BRDA:44,0,1,16
BRDA:47,1,0,2
BRDA:47,1,1,14
BRDA:57,2,0,5
BRDA:59,3,0,1
BRDA:59,3,1,4
BRDA:65,4,0,4
BRDA:65,4,1,0
BRDA:65,5,0,4
BRDA:65,5,1,4
BRDA:65,5,2,4
BRDA:67,6,0,1
BRDA:67,6,1,9
BRF:14
BRH:13
end_of_record
TN:
SF:src/config/schema.ts
FNF:0
FNH:0
DA:8,2
DA:12,2
DA:17,2
DA:22,2
DA:28,2
LF:5
LH:5
BRF:0
BRH:0
end_of_record
TN:
SF:src/graph/errors.ts
FN:11,(anonymous_0)
FN:13,(anonymous_1)
FNF:2
FNH:2
FNDA:2,(anonymous_0)
FNDA:5,(anonymous_1)
DA:12,2
DA:13,5
DA:15,2
DA:16,2
DA:17,2
DA:18,2
DA:19,2
DA:20,1
LF:8
LH:8
BRDA:12,0,0,1
BRDA:12,0,1,1
BRDA:13,1,0,5
BRDA:13,1,1,0
BRDA:14,2,0,1
BRDA:14,2,1,0
BRDA:19,3,0,1
BRDA:19,3,1,1
BRF:8
BRH:6
end_of_record
TN:
SF:src/graph/index.ts
FNF:0
FNH:0
LF:0
LH:0
BRF:0
BRH:0
end_of_record
TN:
SF:src/graph/schema.ts
FNF:0
FNH:0
DA:10,3
DA:15,3
DA:23,3
DA:30,3
DA:35,3
DA:40,3
DA:45,3
LF:7
LH:7
BRF:0
BRH:0
end_of_record
TN:
SF:src/graph/store.ts
FN:13,createEmptyGraph
FN:22,parseGraph
FN:41,loadGraph
FN:52,saveGraph
FNF:4
FNH:4
FNDA:13,createEmptyGraph
FNDA:3,parseGraph
FNDA:3,loadGraph
FNDA:11,saveGraph
DA:7,3
DA:14,13
DA:24,3
DA:25,3
DA:28,1
DA:30,2
DA:31,2
DA:32,1
DA:34,1
DA:42,3
DA:43,3
DA:44,3
DA:53,11
DA:58,11
DA:60,11
DA:61,11
DA:62,11
DA:63,11
DA:64,10
DA:65,10
LF:20
LH:20
BRDA:31,0,0,1
BRDA:31,0,1,1
BRF:2
BRH:2
end_of_record
